<?xml version="1.0" encoding="UTF-8"?>
<!-- Generated by org.testng.reporters.JUnitXMLReporter -->
<testsuite hostname="DESKTOP-I72S0VP" ignored="0" name="Default test" tests="6" failures="0" timestamp="06 dic 2019 15:32:36 GMT" time="100.06" errors="0">
  <testcase name="Ejercicio01_Ts01" time="5.659" classname="Tests.Front"/>
  <testcase name="Ejercicio01_Ts02" time="9.594" classname="Tests.Front"/>
  <testcase name="Ejercicio01_Ts03" time="15.03" classname="Tests.Front"/>
  <testcase name="Ejercicio01_Ts04" time="12.932" classname="Tests.Front"/>
  <testcase name="Ejercicio01_Ts05" time="5.971" classname="Tests.Front"/>
  <testcase name="Ejercicio02" time="12.62" classname="Tests.Front"/>
</testsuite> <!-- Default test -->
